# JRE version: OpenJDK Runtime Environment (8.0_152-b02) (build 1.8.0_152-release-1024-b02)
# Java VM: OpenJDK Server VM (25.152-b02 mixed mode windows-x86 )
Heap:
 PSYoungGen      total 150528K, used 87852K [0x420c0000, 0x4d000000, 0x57600000)
  eden space 132096K, 57% used [0x420c0000,0x46a75f28,0x4a1c0000)
  from space 18432K, 67% used [0x4b480000,0x4c095210,0x4c680000)
  to   space 19200K, 0% used [0x4a1c0000,0x4a1c0000,0x4b480000)
 ParOldGen       total 56320K, used 46915K [0x17600000, 0x1ad00000, 0x420c0000)
  object space 56320K, 83% used [0x17600000,0x1a3d0f10,0x1ad00000)
 Metaspace       used 49962K, capacity 51380K, committed 51456K, reserved 51584K
GC Heap History (10 events):
Event: 620.942 GC heap before
{Heap before GC invocations=75 (full 5):
 PSYoungGen      total 129280K, used 122463K [0x420c0000, 0x4ac00000, 0x57600000)
  eden space 120320K, 100% used [0x420c0000,0x49640000,0x49640000)
  from space 8960K, 23% used [0x49640000,0x49857d20,0x49f00000)
  to   space 8960K, 0% used [0x4a340000,0x4a340000,0x4ac00000)
 ParOldGen       total 56320K, used 36275K [0x17600000, 0x1ad00000, 0x420c0000)
  object space 56320K, 64% used [0x17600000,0x1996cd30,0x1ad00000)
 Metaspace       used 46498K, capacity 47685K, committed 47872K, reserved 48512K
Event: 620.966 GC heap after
Heap after GC invocations=75 (full 5):
 PSYoungGen      total 132096K, used 1540K [0x420c0000, 0x4ab00000, 0x57600000)
  eden space 124160K, 0% used [0x420c0000,0x420c0000,0x49a00000)
  from space 7936K, 19% used [0x4a340000,0x4a4c1258,0x4ab00000)
  to   space 8704K, 0% used [0x49a00000,0x49a00000,0x4a280000)
 ParOldGen       total 56320K, used 36275K [0x17600000, 0x1ad00000, 0x420c0000)
  object space 56320K, 64% used [0x17600000,0x1996cd30,0x1ad00000)
 Metaspace       used 46498K, capacity 47685K, committed 47872K, reserved 48512K
}
Event: 644.190 GC heap before
{Heap before GC invocations=76 (full 5):
 PSYoungGen      total 132096K, used 125700K [0x420c0000, 0x4ab00000, 0x57600000)
  eden space 124160K, 100% used [0x420c0000,0x49a00000,0x49a00000)
  from space 7936K, 19% used [0x4a340000,0x4a4c1258,0x4ab00000)
  to   space 8704K, 0% used [0x49a00000,0x49a00000,0x4a280000)
 ParOldGen       total 56320K, used 36275K [0x17600000, 0x1ad00000, 0x420c0000)
  object space 56320K, 64% used [0x17600000,0x1996cd30,0x1ad00000)
 Metaspace       used 46945K, capacity 48169K, committed 48256K, reserved 48512K
Event: 647.623 GC heap after
Heap after GC invocations=76 (full 5):
 PSYoungGen      total 132864K, used 8698K [0x420c0000, 0x4bb80000, 0x57600000)
  eden space 124160K, 0% used [0x420c0000,0x420c0000,0x49a00000)
  from space 8704K, 99% used [0x49a00000,0x4a27ea10,0x4a280000)
  to   space 14080K, 0% used [0x4adc0000,0x4adc0000,0x4bb80000)
 ParOldGen       total 56320K, used 46903K [0x17600000, 0x1ad00000, 0x420c0000)
  object space 56320K, 83% used [0x17600000,0x1a3cdf10,0x1ad00000)
 Metaspace       used 46945K, capacity 48169K, committed 48256K, reserved 48512K
}
Event: 676.822 GC heap before
{Heap before GC invocations=77 (full 5):
 PSYoungGen      total 132864K, used 132858K [0x420c0000, 0x4bb80000, 0x57600000)
  eden space 124160K, 100% used [0x420c0000,0x49a00000,0x49a00000)
  from space 8704K, 99% used [0x49a00000,0x4a27ea10,0x4a280000)
  to   space 14080K, 0% used [0x4adc0000,0x4adc0000,0x4bb80000)
 ParOldGen       total 56320K, used 46903K [0x17600000, 0x1ad00000, 0x420c0000)
  object space 56320K, 83% used [0x17600000,0x1a3cdf10,0x1ad00000)
 Metaspace       used 47150K, capacity 48379K, committed 48384K, reserved 48512K
Event: 677.341 GC heap after
Heap after GC invocations=77 (full 5):
 PSYoungGen      total 142592K, used 12283K [0x420c0000, 0x4be40000, 0x57600000)
  eden space 128512K, 0% used [0x420c0000,0x420c0000,0x49e40000)
  from space 14080K, 87% used [0x4adc0000,0x4b9bef90,0x4bb80000)
  to   space 15872K, 0% used [0x49e40000,0x49e40000,0x4adc0000)
 ParOldGen       total 56320K, used 46911K [0x17600000, 0x1ad00000, 0x420c0000)
  object space 56320K, 83% used [0x17600000,0x1a3cff10,0x1ad00000)
 Metaspace       used 47150K, capacity 48379K, committed 48384K, reserved 48512K
}
Event: 709.185 GC heap before
{Heap before GC invocations=78 (full 5):
 PSYoungGen      total 142592K, used 140531K [0x420c0000, 0x4be40000, 0x57600000)
  eden space 128512K, 99% used [0x420c0000,0x49dfdd08,0x49e40000)
  from space 14080K, 87% used [0x4adc0000,0x4b9bef90,0x4bb80000)
  to   space 15872K, 0% used [0x49e40000,0x49e40000,0x4adc0000)
 ParOldGen       total 56320K, used 46911K [0x17600000, 0x1ad00000, 0x420c0000)
  object space 56320K, 83% used [0x17600000,0x1a3cff10,0x1ad00000)
 Metaspace       used 47839K, capacity 49222K, committed 49280K, reserved 49536K
Event: 709.302 GC heap after
Heap after GC invocations=78 (full 5):
 PSYoungGen      total 144384K, used 15260K [0x420c0000, 0x4c680000, 0x57600000)
  eden space 128512K, 0% used [0x420c0000,0x420c0000,0x49e40000)
  from space 15872K, 96% used [0x49e40000,0x4ad271e0,0x4adc0000)
  to   space 18432K, 0% used [0x4b480000,0x4b480000,0x4c680000)
 ParOldGen       total 56320K, used 46915K [0x17600000, 0x1ad00000, 0x420c0000)
  object space 56320K, 83% used [0x17600000,0x1a3d0f10,0x1ad00000)
 Metaspace       used 47839K, capacity 49222K, committed 49280K, reserved 49536K
}
Event: 709.349 GC heap before
{Heap before GC invocations=79 (full 5):
 PSYoungGen      total 144384K, used 143032K [0x420c0000, 0x4c680000, 0x57600000)
  eden space 128512K, 99% used [0x420c0000,0x49d870a8,0x49e40000)
  from space 15872K, 96% used [0x49e40000,0x4ad271e0,0x4adc0000)
  to   space 18432K, 0% used [0x4b480000,0x4b480000,0x4c680000)
 ParOldGen       total 56320K, used 46915K [0x17600000, 0x1ad00000, 0x420c0000)
  object space 56320K, 83% used [0x17600000,0x1a3d0f10,0x1ad00000)
 Metaspace       used 47843K, capacity 49222K, committed 49280K, reserved 49536K
Event: 709.407 GC heap after
Heap after GC invocations=79 (full 5):
 PSYoungGen      total 150528K, used 12372K [0x420c0000, 0x4d000000, 0x57600000)
  eden space 132096K, 0% used [0x420c0000,0x420c0000,0x4a1c0000)
  from space 18432K, 67% used [0x4b480000,0x4c095210,0x4c680000)
  to   space 19200K, 0% used [0x4a1c0000,0x4a1c0000,0x4b480000)
 ParOldGen       total 56320K, used 46915K [0x17600000, 0x1ad00000, 0x420c0000)
  object space 56320K, 83% used [0x17600000,0x1a3d0f10,0x1ad00000)
 Metaspace       used 47843K, capacity 49222K, committed 49280K, reserved 49536K
}

